<!DOCTYPE html>

<html>
  <head>
  <meta charset='utf-8'>
  <title>TestNG reports</title>

    <link type="text/css" href="testng-reports.css" rel="stylesheet" />
    <script type="text/javascript" src="jquery-1.7.1.min.js"></script>
    <script type="text/javascript" src="testng-reports.js"></script>
    <script type="text/javascript" src="https://www.google.com/jsapi"></script>
    <script type='text/javascript'>
      google.load('visualization', '1', {packages:['table']});
      google.setOnLoadCallback(drawTable);
      var suiteTableInitFunctions = new Array();
      var suiteTableData = new Array();
    </script>
    <!--
      <script type="text/javascript" src="jquery-ui/js/jquery-ui-1.8.16.custom.min.js"></script>
     -->
  </head>

  <body>
    <div class="top-banner-root">
      <span class="top-banner-title-font">Test results</span>
      <br/>
      <span class="top-banner-font-1">1 suite, 3 failed tests</span>
    </div> <!-- top-banner-root -->
    <div class="navigator-root">
      <div class="navigator-suite-header">
        <span>All suites</span>
        <a href="#" class="collapse-all-link" title="Collapse/expand all the suites">
          <img class="collapse-all-icon" src="collapseall.gif">
          </img> <!-- collapse-all-icon -->
        </a> <!-- collapse-all-link -->
      </div> <!-- navigator-suite-header -->
      <div class="suite">
        <div class="rounded-window">
          <div class="suite-header light-rounded-window-top">
            <a href="#" class="navigator-link" panel-name="suite-Nopcommerce_Regression_TestSuite">
              <span class="suite-name border-failed">Nopcommerce Regression TestSuite</span>
            </a> <!-- navigator-link -->
          </div> <!-- suite-header light-rounded-window-top -->
          <div class="navigator-suite-content">
            <div class="suite-section-title">
              <span>Info</span>
            </div> <!-- suite-section-title -->
            <div class="suite-section-content">
              <ul>
                <li>
                  <a href="#" class="navigator-link " panel-name="test-xml-Nopcommerce_Regression_TestSuite">
                    <span>C:\Users\IBM_ADMIN\workspace\TestAutoFrame\Regression.xml</span>
                  </a> <!-- navigator-link  -->
                </li>
                <li>
                  <a href="#" class="navigator-link " panel-name="testlist-Nopcommerce_Regression_TestSuite">
                    <span class="test-stats">1 test</span>
                  </a> <!-- navigator-link  -->
                </li>
                <li>
                  <a href="#" class="navigator-link " panel-name="group-Nopcommerce_Regression_TestSuite">
                    <span>0 groups</span>
                  </a> <!-- navigator-link  -->
                </li>
                <li>
                  <a href="#" class="navigator-link " panel-name="times-Nopcommerce_Regression_TestSuite">
                    <span>Times</span>
                  </a> <!-- navigator-link  -->
                </li>
                <li>
                  <a href="#" class="navigator-link " panel-name="reporter-Nopcommerce_Regression_TestSuite">
                    <span>Reporter output</span>
                  </a> <!-- navigator-link  -->
                </li>
                <li>
                  <a href="#" class="navigator-link " panel-name="ignored-methods-Nopcommerce_Regression_TestSuite">
                    <span>Ignored methods</span>
                  </a> <!-- navigator-link  -->
                </li>
                <li>
                  <a href="#" class="navigator-link " panel-name="chronological-Nopcommerce_Regression_TestSuite">
                    <span>Chronological view</span>
                  </a> <!-- navigator-link  -->
                </li>
              </ul>
            </div> <!-- suite-section-content -->
            <div class="result-section">
              <div class="suite-section-title">
                <span>Results</span>
              </div> <!-- suite-section-title -->
              <div class="suite-section-content">
                <ul>
                  <li>
                    <span class="method-stats">9 methods, 3 failed,   6 passed</span>
                  </li>
                  <li>
                    <span class="method-list-title failed">Failed methods</span>
                    <span class="show-or-hide-methods failed">
                      <a href="#" panel-name="suite-Nopcommerce_Regression_TestSuite" class="hide-methods failed suite-Nopcommerce_Regression_TestSuite"> (hide)</a> <!-- hide-methods failed suite-Nopcommerce_Regression_TestSuite -->
                      <a href="#" panel-name="suite-Nopcommerce_Regression_TestSuite" class="show-methods failed suite-Nopcommerce_Regression_TestSuite"> (show)</a> <!-- show-methods failed suite-Nopcommerce_Regression_TestSuite -->
                    </span>
                    <div class="method-list-content failed suite-Nopcommerce_Regression_TestSuite">
                      <span>
                        <img width="3%" src="failed.png"/>
                        <a href="#" class="method navigator-link" panel-name="suite-Nopcommerce_Regression_TestSuite" title="Tests.AddProductReviewTest" hash-for-method="RegisterationHappyPath">RegisterationHappyPath</a> <!-- method navigator-link -->
                      </span>
                      <br/>
                      <span>
                        <img width="3%" src="failed.png"/>
                        <a href="#" class="method navigator-link" panel-name="suite-Nopcommerce_Regression_TestSuite" title="Tests.AddProductToCompareTest" hash-for-method="UserCanClearComparelist">UserCanClearComparelist</a> <!-- method navigator-link -->
                      </span>
                      <br/>
                      <span>
                        <img width="3%" src="failed.png"/>
                        <a href="#" class="method navigator-link" panel-name="suite-Nopcommerce_Regression_TestSuite" title="Tests.AddProductToCompareTest" hash-for-method="UserCanCompareProduct">UserCanCompareProduct</a> <!-- method navigator-link -->
                      </span>
                      <br/>
                    </div> <!-- method-list-content failed suite-Nopcommerce_Regression_TestSuite -->
                  </li>
                  <li>
                    <span class="method-list-title passed">Passed methods</span>
                    <span class="show-or-hide-methods passed">
                      <a href="#" panel-name="suite-Nopcommerce_Regression_TestSuite" class="hide-methods passed suite-Nopcommerce_Regression_TestSuite"> (hide)</a> <!-- hide-methods passed suite-Nopcommerce_Regression_TestSuite -->
                      <a href="#" panel-name="suite-Nopcommerce_Regression_TestSuite" class="show-methods passed suite-Nopcommerce_Regression_TestSuite"> (show)</a> <!-- show-methods passed suite-Nopcommerce_Regression_TestSuite -->
                    </span>
                    <div class="method-list-content passed suite-Nopcommerce_Regression_TestSuite">
                      <span>
                        <img width="3%" src="passed.png"/>
                        <a href="#" class="method navigator-link" panel-name="suite-Nopcommerce_Regression_TestSuite" title="Tests.UserRegisterationTest" hash-for-method="RegisterationHappyPath">RegisterationHappyPath</a> <!-- method navigator-link -->
                      </span>
                      <br/>
                      <span>
                        <img width="3%" src="passed.png"/>
                        <a href="#" class="method navigator-link" panel-name="suite-Nopcommerce_Regression_TestSuite" title="Tests.AddProductReviewTest" hash-for-method="RegisteredUserCanAddReview">RegisteredUserCanAddReview</a> <!-- method navigator-link -->
                      </span>
                      <br/>
                      <span>
                        <img width="3%" src="passed.png"/>
                        <a href="#" class="method navigator-link" panel-name="suite-Nopcommerce_Regression_TestSuite" title="Tests.UserRegisterationTest" hash-for-method="UserCanLogin">UserCanLogin</a> <!-- method navigator-link -->
                      </span>
                      <br/>
                      <span>
                        <img width="3%" src="passed.png"/>
                        <a href="#" class="method navigator-link" panel-name="suite-Nopcommerce_Regression_TestSuite" title="Tests.AddProductReviewTest" hash-for-method="UserCanLogout">UserCanLogout</a> <!-- method navigator-link -->
                      </span>
                      <br/>
                      <span>
                        <img width="3%" src="passed.png"/>
                        <a href="#" class="method navigator-link" panel-name="suite-Nopcommerce_Regression_TestSuite" title="Tests.UserRegisterationTest" hash-for-method="UserCanLogout">UserCanLogout</a> <!-- method navigator-link -->
                      </span>
                      <br/>
                      <span>
                        <img width="3%" src="passed.png"/>
                        <a href="#" class="method navigator-link" panel-name="suite-Nopcommerce_Regression_TestSuite" title="Tests.AddProductReviewTest" hash-for-method="UserCanSearchUsingAutoComplete">UserCanSearchUsingAutoComplete</a> <!-- method navigator-link -->
                      </span>
                      <br/>
                    </div> <!-- method-list-content passed suite-Nopcommerce_Regression_TestSuite -->
                  </li>
                </ul>
              </div> <!-- suite-section-content -->
            </div> <!-- result-section -->
          </div> <!-- navigator-suite-content -->
        </div> <!-- rounded-window -->
      </div> <!-- suite -->
    </div> <!-- navigator-root -->
    <div class="wrapper">
      <div class="main-panel-root">
        <div panel-name="suite-Nopcommerce_Regression_TestSuite" class="panel Nopcommerce_Regression_TestSuite">
          <div class="suite-Nopcommerce_Regression_TestSuite-class-failed">
            <div class="main-panel-header rounded-window-top">
              <img src="failed.png"/>
              <span class="class-name">Tests.AddProductReviewTest</span>
            </div> <!-- main-panel-header rounded-window-top -->
            <div class="main-panel-content rounded-window-bottom">
              <div class="method">
                <div class="method-content">
                  <a name="RegisterationHappyPath">
                  </a> <!-- RegisterationHappyPath -->
                  <span class="method-name">RegisterationHappyPath</span>
                  <div class="stack-trace">org.openqa.selenium.NoSuchElementException: no such element: Unable to locate element: {&quot;method&quot;:&quot;css selector&quot;,&quot;selector&quot;:&quot;div.result&quot;}
  (Session info: chrome=67.0.3396.99)
  (Driver info: chromedriver=2.40.565498 (ea082db3280dd6843ebfb08a625e3eb905c4f5ab),platform=Windows NT 6.1.7601 SP1 x86_64) (WARNING: The server did not provide any stacktrace information)
Command duration or timeout: 0 milliseconds
For documentation on this error, please visit: http://seleniumhq.org/exceptions/no_such_element.html
Build info: version: &apos;3.12.0&apos;, revision: &apos;7c6e0b3&apos;, time: &apos;2018-05-08T14:04:26.12Z&apos;
System info: host: &apos;IBM866-PB4E33WP&apos;, ip: &apos;9.164.158.134&apos;, os.name: &apos;Windows 7&apos;, os.arch: &apos;amd64&apos;, os.version: &apos;6.1&apos;, java.version: &apos;1.8.0_112&apos;
Driver info: org.openqa.selenium.chrome.ChromeDriver
Capabilities {acceptInsecureCerts: false, acceptSslCerts: false, applicationCacheEnabled: false, browserConnectionEnabled: false, browserName: chrome, chrome: {chromedriverVersion: 2.40.565498 (ea082db3280dd6..., userDataDir: C:\Users\IBM_AD~1\AppData\L...}, cssSelectorsEnabled: true, databaseEnabled: false, handlesAlerts: true, hasTouchScreen: false, javascriptEnabled: true, locationContextEnabled: true, mobileEmulationEnabled: false, nativeEvents: true, networkConnectionEnabled: false, pageLoadStrategy: normal, platform: XP, platformName: XP, rotatable: false, setWindowRect: true, takesHeapSnapshot: true, takesScreenshot: true, unexpectedAlertBehaviour: , unhandledPromptBehavior: , version: 67.0.3396.99, webStorageEnabled: true}
Session ID: 6cf4d291f94cfaaa326404f30b7e22ae
*** Element info: {Using=css selector, value=div.result}
	at org.openqa.selenium.remote.ErrorHandler.createThrowable(ErrorHandler.java:214)
	at org.openqa.selenium.remote.ErrorHandler.throwIfResponseFailed(ErrorHandler.java:166)
	at org.openqa.selenium.remote.http.JsonHttpResponseCodec.reconstructValue(JsonHttpResponseCodec.java:40)
	at org.openqa.selenium.remote.http.AbstractHttpResponseCodec.decode(AbstractHttpResponseCodec.java:80)
	at org.openqa.selenium.remote.http.AbstractHttpResponseCodec.decode(AbstractHttpResponseCodec.java:44)
	at org.openqa.selenium.remote.HttpCommandExecutor.execute(HttpCommandExecutor.java:158)
	at org.openqa.selenium.remote.service.DriverCommandExecutor.execute(DriverCommandExecutor.java:83)
	at org.openqa.selenium.remote.RemoteWebDriver.execute(RemoteWebDriver.java:543)
	at org.openqa.selenium.remote.RemoteWebDriver.findElement(RemoteWebDriver.java:317)
	at org.openqa.selenium.remote.RemoteWebDriver.findElementByCssSelector(RemoteWebDriver.java:411)
	at org.openqa.selenium.By$ByCssSelector.findElement(By.java:431)
	at org.openqa.selenium.remote.RemoteWebDriver.findElement(RemoteWebDriver.java:309)
	at org.openqa.selenium.support.pagefactory.DefaultElementLocator.findElement(DefaultElementLocator.java:69)
	at org.openqa.selenium.support.pagefactory.internal.LocatingElementHandler.invoke(LocatingElementHandler.java:38)
	at com.sun.proxy.$Proxy8.getText(Unknown Source)
	at Tests.AddProductReviewTest.RegisterationHappyPath(AddProductReviewTest.java:38)
... Removed 33 stack frames
</div> <!-- stack-trace -->
                </div> <!-- method-content -->
              </div> <!-- method -->
            </div> <!-- main-panel-content rounded-window-bottom -->
          </div> <!-- suite-Nopcommerce_Regression_TestSuite-class-failed -->
          <div class="suite-Nopcommerce_Regression_TestSuite-class-failed">
            <div class="main-panel-header rounded-window-top">
              <img src="failed.png"/>
              <span class="class-name">Tests.AddProductToCompareTest</span>
            </div> <!-- main-panel-header rounded-window-top -->
            <div class="main-panel-content rounded-window-bottom">
              <div class="method">
                <div class="method-content">
                  <a name="UserCanClearComparelist">
                  </a> <!-- UserCanClearComparelist -->
                  <span class="method-name">UserCanClearComparelist</span>
                  <div class="stack-trace">org.openqa.selenium.NoSuchElementException: no such element: Unable to locate element: {&quot;method&quot;:&quot;css selector&quot;,&quot;selector&quot;:&quot;a.clear-list&quot;}
  (Session info: chrome=67.0.3396.99)
  (Driver info: chromedriver=2.40.565498 (ea082db3280dd6843ebfb08a625e3eb905c4f5ab),platform=Windows NT 6.1.7601 SP1 x86_64) (WARNING: The server did not provide any stacktrace information)
Command duration or timeout: 0 milliseconds
For documentation on this error, please visit: http://seleniumhq.org/exceptions/no_such_element.html
Build info: version: &apos;3.12.0&apos;, revision: &apos;7c6e0b3&apos;, time: &apos;2018-05-08T14:04:26.12Z&apos;
System info: host: &apos;IBM866-PB4E33WP&apos;, ip: &apos;9.164.158.134&apos;, os.name: &apos;Windows 7&apos;, os.arch: &apos;amd64&apos;, os.version: &apos;6.1&apos;, java.version: &apos;1.8.0_112&apos;
Driver info: org.openqa.selenium.chrome.ChromeDriver
Capabilities {acceptInsecureCerts: false, acceptSslCerts: false, applicationCacheEnabled: false, browserConnectionEnabled: false, browserName: chrome, chrome: {chromedriverVersion: 2.40.565498 (ea082db3280dd6..., userDataDir: C:\Users\IBM_AD~1\AppData\L...}, cssSelectorsEnabled: true, databaseEnabled: false, handlesAlerts: true, hasTouchScreen: false, javascriptEnabled: true, locationContextEnabled: true, mobileEmulationEnabled: false, nativeEvents: true, networkConnectionEnabled: false, pageLoadStrategy: normal, platform: XP, platformName: XP, rotatable: false, setWindowRect: true, takesHeapSnapshot: true, takesScreenshot: true, unexpectedAlertBehaviour: , unhandledPromptBehavior: , version: 67.0.3396.99, webStorageEnabled: true}
Session ID: 6cf4d291f94cfaaa326404f30b7e22ae
*** Element info: {Using=css selector, value=a.clear-list}
	at org.openqa.selenium.remote.ErrorHandler.createThrowable(ErrorHandler.java:214)
	at org.openqa.selenium.remote.ErrorHandler.throwIfResponseFailed(ErrorHandler.java:166)
	at org.openqa.selenium.remote.http.JsonHttpResponseCodec.reconstructValue(JsonHttpResponseCodec.java:40)
	at org.openqa.selenium.remote.http.AbstractHttpResponseCodec.decode(AbstractHttpResponseCodec.java:80)
	at org.openqa.selenium.remote.http.AbstractHttpResponseCodec.decode(AbstractHttpResponseCodec.java:44)
	at org.openqa.selenium.remote.HttpCommandExecutor.execute(HttpCommandExecutor.java:158)
	at org.openqa.selenium.remote.service.DriverCommandExecutor.execute(DriverCommandExecutor.java:83)
	at org.openqa.selenium.remote.RemoteWebDriver.execute(RemoteWebDriver.java:543)
	at org.openqa.selenium.remote.RemoteWebDriver.findElement(RemoteWebDriver.java:317)
	at org.openqa.selenium.remote.RemoteWebDriver.findElementByCssSelector(RemoteWebDriver.java:411)
	at org.openqa.selenium.By$ByCssSelector.findElement(By.java:431)
	at org.openqa.selenium.remote.RemoteWebDriver.findElement(RemoteWebDriver.java:309)
	at org.openqa.selenium.support.pagefactory.DefaultElementLocator.findElement(DefaultElementLocator.java:69)
	at org.openqa.selenium.support.pagefactory.internal.LocatingElementHandler.invoke(LocatingElementHandler.java:38)
	at com.sun.proxy.$Proxy8.click(Unknown Source)
	at Pages.AddProuctToComparePage.ClearComparelist(AddProuctToComparePage.java:43)
	at Tests.AddProductToCompareTest.UserCanClearComparelist(AddProductToCompareTest.java:47)
... Removed 33 stack frames
</div> <!-- stack-trace -->
                </div> <!-- method-content -->
              </div> <!-- method -->
              <div class="method">
                <div class="method-content">
                  <a name="UserCanCompareProduct">
                  </a> <!-- UserCanCompareProduct -->
                  <span class="method-name">UserCanCompareProduct</span>
                  <div class="stack-trace">org.openqa.selenium.NoSuchElementException: no such element: Unable to locate element: {&quot;method&quot;:&quot;link text&quot;,&quot;selector&quot;:&quot;Asus N551JK-XOO76H Laptop&quot;}
  (Session info: chrome=67.0.3396.99)
  (Driver info: chromedriver=2.40.565498 (ea082db3280dd6843ebfb08a625e3eb905c4f5ab),platform=Windows NT 6.1.7601 SP1 x86_64) (WARNING: The server did not provide any stacktrace information)
Command duration or timeout: 0 milliseconds
For documentation on this error, please visit: http://seleniumhq.org/exceptions/no_such_element.html
Build info: version: &apos;3.12.0&apos;, revision: &apos;7c6e0b3&apos;, time: &apos;2018-05-08T14:04:26.12Z&apos;
System info: host: &apos;IBM866-PB4E33WP&apos;, ip: &apos;9.164.158.134&apos;, os.name: &apos;Windows 7&apos;, os.arch: &apos;amd64&apos;, os.version: &apos;6.1&apos;, java.version: &apos;1.8.0_112&apos;
Driver info: org.openqa.selenium.chrome.ChromeDriver
Capabilities {acceptInsecureCerts: false, acceptSslCerts: false, applicationCacheEnabled: false, browserConnectionEnabled: false, browserName: chrome, chrome: {chromedriverVersion: 2.40.565498 (ea082db3280dd6..., userDataDir: C:\Users\IBM_AD~1\AppData\L...}, cssSelectorsEnabled: true, databaseEnabled: false, handlesAlerts: true, hasTouchScreen: false, javascriptEnabled: true, locationContextEnabled: true, mobileEmulationEnabled: false, nativeEvents: true, networkConnectionEnabled: false, pageLoadStrategy: normal, platform: XP, platformName: XP, rotatable: false, setWindowRect: true, takesHeapSnapshot: true, takesScreenshot: true, unexpectedAlertBehaviour: , unhandledPromptBehavior: , version: 67.0.3396.99, webStorageEnabled: true}
Session ID: 6cf4d291f94cfaaa326404f30b7e22ae
*** Element info: {Using=link text, value=Asus N551JK-XOO76H Laptop}
	at org.openqa.selenium.remote.ErrorHandler.createThrowable(ErrorHandler.java:214)
	at org.openqa.selenium.remote.ErrorHandler.throwIfResponseFailed(ErrorHandler.java:166)
	at org.openqa.selenium.remote.http.JsonHttpResponseCodec.reconstructValue(JsonHttpResponseCodec.java:40)
	at org.openqa.selenium.remote.http.AbstractHttpResponseCodec.decode(AbstractHttpResponseCodec.java:80)
	at org.openqa.selenium.remote.http.AbstractHttpResponseCodec.decode(AbstractHttpResponseCodec.java:44)
	at org.openqa.selenium.remote.HttpCommandExecutor.execute(HttpCommandExecutor.java:158)
	at org.openqa.selenium.remote.service.DriverCommandExecutor.execute(DriverCommandExecutor.java:83)
	at org.openqa.selenium.remote.RemoteWebDriver.execute(RemoteWebDriver.java:543)
	at org.openqa.selenium.remote.RemoteWebDriver.findElement(RemoteWebDriver.java:317)
	at org.openqa.selenium.remote.RemoteWebDriver.findElementByLinkText(RemoteWebDriver.java:371)
	at org.openqa.selenium.By$ByLinkText.findElement(By.java:220)
	at org.openqa.selenium.remote.RemoteWebDriver.findElement(RemoteWebDriver.java:309)
	at org.openqa.selenium.support.pagefactory.DefaultElementLocator.findElement(DefaultElementLocator.java:69)
	at org.openqa.selenium.support.pagefactory.internal.LocatingElementHandler.invoke(LocatingElementHandler.java:38)
	at com.sun.proxy.$Proxy8.getText(Unknown Source)
	at Tests.AddProductToCompareTest.UserCanCompareProduct(AddProductToCompareTest.java:38)
... Removed 33 stack frames
</div> <!-- stack-trace -->
                </div> <!-- method-content -->
              </div> <!-- method -->
            </div> <!-- main-panel-content rounded-window-bottom -->
          </div> <!-- suite-Nopcommerce_Regression_TestSuite-class-failed -->
          <div class="suite-Nopcommerce_Regression_TestSuite-class-passed">
            <div class="main-panel-header rounded-window-top">
              <img src="passed.png"/>
              <span class="class-name">Tests.AddProductReviewTest</span>
            </div> <!-- main-panel-header rounded-window-top -->
            <div class="main-panel-content rounded-window-bottom">
              <div class="method">
                <div class="method-content">
                  <a name="RegisteredUserCanAddReview">
                  </a> <!-- RegisteredUserCanAddReview -->
                  <span class="method-name">RegisteredUserCanAddReview</span>
                </div> <!-- method-content -->
              </div> <!-- method -->
              <div class="method">
                <div class="method-content">
                  <a name="UserCanLogout">
                  </a> <!-- UserCanLogout -->
                  <span class="method-name">UserCanLogout</span>
                </div> <!-- method-content -->
              </div> <!-- method -->
              <div class="method">
                <div class="method-content">
                  <a name="UserCanSearchUsingAutoComplete">
                  </a> <!-- UserCanSearchUsingAutoComplete -->
                  <span class="method-name">UserCanSearchUsingAutoComplete</span>
                </div> <!-- method-content -->
              </div> <!-- method -->
            </div> <!-- main-panel-content rounded-window-bottom -->
          </div> <!-- suite-Nopcommerce_Regression_TestSuite-class-passed -->
          <div class="suite-Nopcommerce_Regression_TestSuite-class-passed">
            <div class="main-panel-header rounded-window-top">
              <img src="passed.png"/>
              <span class="class-name">Tests.UserRegisterationTest</span>
            </div> <!-- main-panel-header rounded-window-top -->
            <div class="main-panel-content rounded-window-bottom">
              <div class="method">
                <div class="method-content">
                  <a name="RegisterationHappyPath">
                  </a> <!-- RegisterationHappyPath -->
                  <span class="method-name">RegisterationHappyPath</span>
                </div> <!-- method-content -->
              </div> <!-- method -->
              <div class="method">
                <div class="method-content">
                  <a name="UserCanLogin">
                  </a> <!-- UserCanLogin -->
                  <span class="method-name">UserCanLogin</span>
                </div> <!-- method-content -->
              </div> <!-- method -->
              <div class="method">
                <div class="method-content">
                  <a name="UserCanLogout">
                  </a> <!-- UserCanLogout -->
                  <span class="method-name">UserCanLogout</span>
                </div> <!-- method-content -->
              </div> <!-- method -->
            </div> <!-- main-panel-content rounded-window-bottom -->
          </div> <!-- suite-Nopcommerce_Regression_TestSuite-class-passed -->
        </div> <!-- panel Nopcommerce_Regression_TestSuite -->
        <div panel-name="test-xml-Nopcommerce_Regression_TestSuite" class="panel">
          <div class="main-panel-header rounded-window-top">
            <span class="header-content">C:\Users\IBM_ADMIN\workspace\TestAutoFrame\Regression.xml</span>
          </div> <!-- main-panel-header rounded-window-top -->
          <div class="main-panel-content rounded-window-bottom">
            <pre>
&lt;?xml version=&quot;1.0&quot; encoding=&quot;UTF-8&quot;?&gt;
&lt;!DOCTYPE suite SYSTEM &quot;http://testng.org/testng-1.0.dtd&quot;&gt;
&lt;suite guice-stage=&quot;DEVELOPMENT&quot; verbose=&quot;0&quot; name=&quot;Nopcommerce Regression TestSuite&quot;&gt;
  &lt;test thread-count=&quot;5&quot; verbose=&quot;0&quot; name=&quot;Regression Test&quot; preserve-order=&quot;false&quot;&gt;
    &lt;classes&gt;
      &lt;class name=&quot;Tests.UserRegisterationTest&quot;/&gt;
      &lt;class name=&quot;Tests.AddProductReviewTest&quot;/&gt;
      &lt;class name=&quot;Tests.AddProductToCompareTest&quot;/&gt;
    &lt;/classes&gt;
  &lt;/test&gt; &lt;!-- Regression Test --&gt;
&lt;/suite&gt; &lt;!-- Nopcommerce Regression TestSuite --&gt;
            </pre>
          </div> <!-- main-panel-content rounded-window-bottom -->
        </div> <!-- panel -->
        <div panel-name="testlist-Nopcommerce_Regression_TestSuite" class="panel">
          <div class="main-panel-header rounded-window-top">
            <span class="header-content">Tests for Nopcommerce Regression TestSuite</span>
          </div> <!-- main-panel-header rounded-window-top -->
          <div class="main-panel-content rounded-window-bottom">
            <ul>
              <li>
                <span class="test-name">Regression Test (3 classes)</span>
              </li>
            </ul>
          </div> <!-- main-panel-content rounded-window-bottom -->
        </div> <!-- panel -->
        <div panel-name="group-Nopcommerce_Regression_TestSuite" class="panel">
          <div class="main-panel-header rounded-window-top">
            <span class="header-content">Groups for Nopcommerce Regression TestSuite</span>
          </div> <!-- main-panel-header rounded-window-top -->
          <div class="main-panel-content rounded-window-bottom">
          </div> <!-- main-panel-content rounded-window-bottom -->
        </div> <!-- panel -->
        <div panel-name="times-Nopcommerce_Regression_TestSuite" class="panel">
          <div class="main-panel-header rounded-window-top">
            <span class="header-content">Times for Nopcommerce Regression TestSuite</span>
          </div> <!-- main-panel-header rounded-window-top -->
          <div class="main-panel-content rounded-window-bottom">
            <div class="times-div">
              <script type="text/javascript">
suiteTableInitFunctions.push('tableData_Nopcommerce_Regression_TestSuite');
function tableData_Nopcommerce_Regression_TestSuite() {
var data = new google.visualization.DataTable();
data.addColumn('number', 'Number');
data.addColumn('string', 'Method');
data.addColumn('string', 'Class');
data.addColumn('number', 'Time (ms)');
data.addRows(9);
data.setCell(0, 0, 0)
data.setCell(0, 1, 'UserCanCompareProduct')
data.setCell(0, 2, 'Tests.AddProductToCompareTest')
data.setCell(0, 3, 29078);
data.setCell(1, 0, 1)
data.setCell(1, 1, 'RegisterationHappyPath')
data.setCell(1, 2, 'Tests.AddProductReviewTest')
data.setCell(1, 3, 13595);
data.setCell(2, 0, 2)
data.setCell(2, 1, 'UserCanClearComparelist')
data.setCell(2, 2, 'Tests.AddProductToCompareTest')
data.setCell(2, 3, 10020);
data.setCell(3, 0, 3)
data.setCell(3, 1, 'UserCanSearchUsingAutoComplete')
data.setCell(3, 2, 'Tests.AddProductReviewTest')
data.setCell(3, 3, 5150);
data.setCell(4, 0, 4)
data.setCell(4, 1, 'RegisterationHappyPath')
data.setCell(4, 2, 'Tests.UserRegisterationTest')
data.setCell(4, 3, 4279);
data.setCell(5, 0, 5)
data.setCell(5, 1, 'RegisteredUserCanAddReview')
data.setCell(5, 2, 'Tests.AddProductReviewTest')
data.setCell(5, 3, 3913);
data.setCell(6, 0, 6)
data.setCell(6, 1, 'UserCanLogin')
data.setCell(6, 2, 'Tests.UserRegisterationTest')
data.setCell(6, 3, 2657);
data.setCell(7, 0, 7)
data.setCell(7, 1, 'UserCanLogout')
data.setCell(7, 2, 'Tests.AddProductReviewTest')
data.setCell(7, 3, 1181);
data.setCell(8, 0, 8)
data.setCell(8, 1, 'UserCanLogout')
data.setCell(8, 2, 'Tests.UserRegisterationTest')
data.setCell(8, 3, 1179);
window.suiteTableData['Nopcommerce_Regression_TestSuite']= { tableData: data, tableDiv: 'times-div-Nopcommerce_Regression_TestSuite'}
return data;
}
              </script>
              <span class="suite-total-time">Total running time: 1 minutes</span>
              <div id="times-div-Nopcommerce_Regression_TestSuite">
              </div> <!-- times-div-Nopcommerce_Regression_TestSuite -->
            </div> <!-- times-div -->
          </div> <!-- main-panel-content rounded-window-bottom -->
        </div> <!-- panel -->
        <div panel-name="reporter-Nopcommerce_Regression_TestSuite" class="panel">
          <div class="main-panel-header rounded-window-top">
            <span class="header-content">Reporter output for Nopcommerce Regression TestSuite</span>
          </div> <!-- main-panel-header rounded-window-top -->
          <div class="main-panel-content rounded-window-bottom">
          </div> <!-- main-panel-content rounded-window-bottom -->
        </div> <!-- panel -->
        <div panel-name="ignored-methods-Nopcommerce_Regression_TestSuite" class="panel">
          <div class="main-panel-header rounded-window-top">
            <span class="header-content">4 ignored methods</span>
          </div> <!-- main-panel-header rounded-window-top -->
          <div class="main-panel-content rounded-window-bottom">
            <div class="ignored-class-div">
              <span class="ignored-class-name">Tests.AddProductReviewTest</span>
              <div class="ignored-methods-div">
                <span class="ignored-method-name">closedriver</span>
                <br/>
                <span class="ignored-method-name">startdriver</span>
                <br/>
              </div> <!-- ignored-methods-div -->
            </div> <!-- ignored-class-div -->
            <div class="ignored-class-div">
              <span class="ignored-class-name">Tests.AddProductToCompareTest</span>
              <div class="ignored-methods-div">
                <span class="ignored-method-name">closedriver</span>
                <br/>
                <span class="ignored-method-name">startdriver</span>
                <br/>
              </div> <!-- ignored-methods-div -->
            </div> <!-- ignored-class-div -->
          </div> <!-- main-panel-content rounded-window-bottom -->
        </div> <!-- panel -->
        <div panel-name="chronological-Nopcommerce_Regression_TestSuite" class="panel">
          <div class="main-panel-header rounded-window-top">
            <span class="header-content">Methods in chronological order</span>
          </div> <!-- main-panel-header rounded-window-top -->
          <div class="main-panel-content rounded-window-bottom">
            <div class="chronological-class">
              <div class="chronological-class-name">Tests.UserRegisterationTest</div> <!-- chronological-class-name -->
              <div class="configuration-suite before">
                <span class="method-name">startdriver</span>
                <span class="method-start">0 ms</span>
              </div> <!-- configuration-suite before -->
            </div> <!-- chronological-class -->
            <div class="chronological-class">
              <div class="chronological-class-name">Tests.AddProductReviewTest</div> <!-- chronological-class-name -->
              <div class="test-method">
                <img src="failed.png">
                </img>
                <span class="method-name">RegisterationHappyPath</span>
                <span class="method-start">7229 ms</span>
              </div> <!-- test-method -->
              <div class="configuration-method after">
                <span class="method-name">takingscreenshot([TestResult name=RegisterationHappyPath status=FAILURE method=AddProductReviewTest.RegisterationHapp...)</span>
                <span class="method-start">20840 ms</span>
              </div> <!-- configuration-method after -->
            </div> <!-- chronological-class -->
            <div class="chronological-class">
              <div class="chronological-class-name">Tests.AddProductToCompareTest</div> <!-- chronological-class-name -->
              <div class="test-method">
                <img src="failed.png">
                </img>
                <span class="method-name">UserCanCompareProduct</span>
                <span class="method-start">21146 ms</span>
              </div> <!-- test-method -->
              <div class="configuration-method after">
                <span class="method-name">takingscreenshot([TestResult name=UserCanCompareProduct status=FAILURE method=AddProductToCompareTest.UserCanCompareP...)</span>
                <span class="method-start">50224 ms</span>
              </div> <!-- configuration-method after -->
            </div> <!-- chronological-class -->
            <div class="chronological-class">
              <div class="chronological-class-name">Tests.UserRegisterationTest</div> <!-- chronological-class-name -->
              <div class="test-method">
                <span class="method-name">RegisterationHappyPath</span>
                <span class="method-start">50560 ms</span>
              </div> <!-- test-method -->
              <div class="configuration-method after">
                <span class="method-name">takingscreenshot([TestResult name=RegisterationHappyPath status=SUCCESS method=UserRegisterationTest.RegisterationHap...)</span>
                <span class="method-start">54839 ms</span>
              </div> <!-- configuration-method after -->
              <div class="test-method">
                <span class="method-name">UserCanLogout</span>
                <span class="method-start">54839 ms</span>
              </div> <!-- test-method -->
              <div class="configuration-method after">
                <span class="method-name">takingscreenshot([TestResult name=UserCanLogout status=SUCCESS method=UserRegisterationTest.UserCanLogout()[pri:0, in...)</span>
                <span class="method-start">56018 ms</span>
              </div> <!-- configuration-method after -->
              <div class="test-method">
                <span class="method-name">UserCanLogin</span>
                <span class="method-start">56019 ms</span>
              </div> <!-- test-method -->
              <div class="configuration-method after">
                <span class="method-name">takingscreenshot([TestResult name=UserCanLogin status=SUCCESS method=UserRegisterationTest.UserCanLogin()[pri:0, inst...)</span>
                <span class="method-start">58676 ms</span>
              </div> <!-- configuration-method after -->
            </div> <!-- chronological-class -->
            <div class="chronological-class">
              <div class="chronological-class-name">Tests.AddProductReviewTest</div> <!-- chronological-class-name -->
              <div class="test-method">
                <span class="method-name">UserCanSearchUsingAutoComplete</span>
                <span class="method-start">58677 ms</span>
              </div> <!-- test-method -->
              <div class="configuration-method after">
                <span class="method-name">takingscreenshot([TestResult name=UserCanSearchUsingAutoComplete status=SUCCESS method=AddProductReviewTest.UserCanSe...)</span>
                <span class="method-start">63827 ms</span>
              </div> <!-- configuration-method after -->
            </div> <!-- chronological-class -->
            <div class="chronological-class">
              <div class="chronological-class-name">Tests.AddProductToCompareTest</div> <!-- chronological-class-name -->
              <div class="test-method">
                <img src="failed.png">
                </img>
                <span class="method-name">UserCanClearComparelist</span>
                <span class="method-start">63828 ms</span>
              </div> <!-- test-method -->
              <div class="configuration-method after">
                <span class="method-name">takingscreenshot([TestResult name=UserCanClearComparelist status=FAILURE method=AddProductToCompareTest.UserCanClearC...)</span>
                <span class="method-start">73849 ms</span>
              </div> <!-- configuration-method after -->
            </div> <!-- chronological-class -->
            <div class="chronological-class">
              <div class="chronological-class-name">Tests.AddProductReviewTest</div> <!-- chronological-class-name -->
              <div class="test-method">
                <span class="method-name">RegisteredUserCanAddReview</span>
                <span class="method-start">74179 ms</span>
              </div> <!-- test-method -->
              <div class="configuration-method after">
                <span class="method-name">takingscreenshot([TestResult name=RegisteredUserCanAddReview status=SUCCESS method=AddProductReviewTest.RegisteredUse...)</span>
                <span class="method-start">78092 ms</span>
              </div> <!-- configuration-method after -->
              <div class="test-method">
                <span class="method-name">UserCanLogout</span>
                <span class="method-start">78092 ms</span>
              </div> <!-- test-method -->
              <div class="configuration-method after">
                <span class="method-name">takingscreenshot([TestResult name=UserCanLogout status=SUCCESS method=AddProductReviewTest.UserCanLogout()[pri:4, ins...)</span>
                <span class="method-start">79273 ms</span>
              </div> <!-- configuration-method after -->
            </div> <!-- chronological-class -->
            <div class="chronological-class">
              <div class="chronological-class-name">Tests.UserRegisterationTest</div> <!-- chronological-class-name -->
              <div class="configuration-suite after">
                <span class="method-name">closedriver</span>
                <span class="method-start">79473 ms</span>
              </div> <!-- configuration-suite after -->
          </div> <!-- main-panel-content rounded-window-bottom -->
        </div> <!-- panel -->
      </div> <!-- main-panel-root -->
    </div> <!-- wrapper -->
  </body>
</html>
